#
# There is insufficient memory for the Java Runtime Environment to continue.
# Native memory allocation (malloc) failed to allocate 32744 bytes. Error detail: Chunk::new
# Possible reasons:
#   The system is out of physical RAM or swap space
#   This process is running with CompressedOops enabled, and the Java Heap may be blocking the growth of the native heap
# Possible solutions:
#   Reduce memory load on the system
#   Increase physical memory or swap space
#   Check if swap backing store is full
#   Decrease Java heap size (-Xmx/-Xms)
#   Decrease number of Java threads
#   Decrease Java thread stack sizes (-Xss)
#   Set larger code cache with -XX:ReservedCodeCacheSize=
#   JVM is running with Unscaled Compressed Oops mode in which the Java heap is
#     placed in the first 4GB address space. The Java Heap base address is the
#     maximum limit for the native heap growth. Please use -XX:HeapBaseMinAddress
#     to set the Java Heap base and to place the Java Heap above 4GB virtual address.
# This output file may be truncated or incomplete.
#
#  Out of Memory Error (arena.cpp:150), pid=19268, tid=4836
#
# JRE version: Java(TM) SE Runtime Environment (22.0.2+9) (build 22.0.2+9-70)
# Java VM: Java HotSpot(TM) 64-Bit Server VM (22.0.2+9-70, mixed mode, sharing, tiered, compressed oops, compressed class ptrs, g1 gc, windows-amd64)
# No core dump will be written. Minidumps are not enabled by default on client versions of Windows
#

---------------  S U M M A R Y ------------

Command Line: -javaagent:C:\Program Files\JetBrains\IntelliJ IDEA 2024.2.1\lib\idea_rt.jar=53701:C:\Program Files\JetBrains\IntelliJ IDEA 2024.2.1\bin -Dfile.encoding=UTF-8 -Dsun.stdout.encoding=UTF-8 -Dsun.stderr.encoding=UTF-8 BattleshipGame

Host: AMD Ryzen 5 7530U with Radeon Graphics         , 12 cores, 5G,  Windows 11 , 64 bit Build 22621 (10.0.22621.4391)
Time: Wed Nov 20 02:32:27 2024 Mountain Standard Time elapsed time: 75.209944 seconds (0d 0h 1m 15s)

---------------  T H R E A D  ---------------

Current thread (0x00000168e834e690):  JavaThread "C1 CompilerThread0" daemon [_thread_in_native, id=4836, stack(0x000000017ef00000,0x000000017f000000) (1024K)]


Current CompileTask:
C1:75210 1653       3       java.io.ObjectStreamClass::computeFieldOffsets (308 bytes)

Stack: [0x000000017ef00000,0x000000017f000000]
Native frames: (J=compiled Java code, j=interpreted, Vv=VM code, C=native code)
V  [jvm.dll+0x6e26e9]  (no source info available)
V  [jvm.dll+0x875753]  (no source info available)
V  [jvm.dll+0x877b7e]  (no source info available)
V  [jvm.dll+0x878253]  (no source info available)
V  [jvm.dll+0x27fc86]  (no source info available)
V  [jvm.dll+0xc3d0f]  (no source info available)
V  [jvm.dll+0xc3f6b]  (no source info available)
V  [jvm.dll+0xcf41d]  (no source info available)
V  [jvm.dll+0x188eff]  (no source info available)
V  [jvm.dll+0x187abb]  (no source info available)
V  [jvm.dll+0x182b0f]  (no source info available)
V  [jvm.dll+0x17d2ae]  (no source info available)
V  [jvm.dll+0x16b3b0]  (no source info available)
V  [jvm.dll+0x153d92]  (no source info available)
V  [jvm.dll+0x1535c3]  (no source info available)
V  [jvm.dll+0x1538a0]  (no source info available)
V  [jvm.dll+0x152c1d]  (no source info available)
V  [jvm.dll+0x154add]  (no source info available)
V  [jvm.dll+0x2568f3]  (no source info available)
V  [jvm.dll+0x254baa]  (no source info available)
V  [jvm.dll+0x3f57a6]  (no source info available)
V  [jvm.dll+0x81dc0b]  (no source info available)
V  [jvm.dll+0x6e0d85]  (no source info available)
C  [ucrtbase.dll+0x29333]  (no source info available)
C  [KERNEL32.DLL+0x1259d]  (no source info available)
C  [ntdll.dll+0x5af38]  (no source info available)


---------------  P R O C E S S  ---------------

Threads class SMR info:
_java_thread_list=0x00000168c541e820, length=16, elements={
0x00000168cc0f95e0, 0x00000168e8330bb0, 0x00000168e8331ad0, 0x00000168e8333c30,
0x00000168e8336d20, 0x00000168e8340230, 0x00000168e83420b0, 0x00000168e834dbe0,
0x00000168e834e690, 0x00000168e82fe410, 0x00000168c52834b0, 0x00000168c5283b20,
0x00000168c5f43d80, 0x00000168c548ec10, 0x00000168c5beaca0, 0x00000168c59aef40
}

Java Threads: ( => current thread )
  0x00000168cc0f95e0 JavaThread "main"                              [_thread_in_native, id=8184, stack(0x000000017e000000,0x000000017e100000) (1024K)]
  0x00000168e8330bb0 JavaThread "Reference Handler"          daemon [_thread_blocked, id=10756, stack(0x000000017e800000,0x000000017e900000) (1024K)]
  0x00000168e8331ad0 JavaThread "Finalizer"                  daemon [_thread_blocked, id=13336, stack(0x000000017e900000,0x000000017ea00000) (1024K)]
  0x00000168e8333c30 JavaThread "Signal Dispatcher"          daemon [_thread_blocked, id=15008, stack(0x000000017ea00000,0x000000017eb00000) (1024K)]
  0x00000168e8336d20 JavaThread "Attach Listener"            daemon [_thread_blocked, id=5572, stack(0x000000017eb00000,0x000000017ec00000) (1024K)]
  0x00000168e8340230 JavaThread "Service Thread"             daemon [_thread_blocked, id=17916, stack(0x000000017ec00000,0x000000017ed00000) (1024K)]
  0x00000168e83420b0 JavaThread "Monitor Deflation Thread"   daemon [_thread_blocked, id=19140, stack(0x000000017ed00000,0x000000017ee00000) (1024K)]
  0x00000168e834dbe0 JavaThread "C2 CompilerThread0"         daemon [_thread_blocked, id=2464, stack(0x000000017ee00000,0x000000017ef00000) (1024K)]
=>0x00000168e834e690 JavaThread "C1 CompilerThread0"         daemon [_thread_in_native, id=4836, stack(0x000000017ef00000,0x000000017f000000) (1024K)]
  0x00000168e82fe410 JavaThread "Common-Cleaner"             daemon [_thread_blocked, id=14120, stack(0x000000017f000000,0x000000017f100000) (1024K)]
  0x00000168c52834b0 JavaThread "Monitor Ctrl-Break"         daemon [_thread_in_native, id=17800, stack(0x000000017f100000,0x000000017f200000) (1024K)]
  0x00000168c5283b20 JavaThread "Notification Thread"        daemon [_thread_blocked, id=11676, stack(0x000000017f200000,0x000000017f300000) (1024K)]
  0x00000168c5f43d80 JavaThread "RMI TCP Accept-0"           daemon [_thread_in_native, id=15644, stack(0x000000017f300000,0x000000017f400000) (1024K)]
  0x00000168c548ec10 JavaThread "RMI TCP Connection(1)-192.168.1.75" daemon [_thread_in_native, id=18288, stack(0x000000017f400000,0x000000017f500000) (1024K)]
  0x00000168c5beaca0 JavaThread "RMI Scheduler(0)"           daemon [_thread_blocked, id=19620, stack(0x000000017f500000,0x000000017f600000) (1024K)]
  0x00000168c59aef40 JavaThread "JMX server connection timeout 26" daemon [_thread_blocked, id=13816, stack(0x000000017f600000,0x000000017f700000) (1024K)]
Total: 16

Other Threads:
  0x00000168e8315320 VMThread "VM Thread"                           [id=25128, stack(0x000000017e700000,0x000000017e800000) (1024K)]
  0x00000168e82fd820 WatcherThread "VM Periodic Task Thread"        [id=320, stack(0x000000017e600000,0x000000017e700000) (1024K)]
  0x00000168cc141e00 WorkerThread "GC Thread#0"                     [id=12100, stack(0x000000017e100000,0x000000017e200000) (1024K)]
  0x00000168cc14eb20 ConcurrentGCThread "G1 Main Marker"            [id=776, stack(0x000000017e200000,0x000000017e300000) (1024K)]
  0x00000168cc14f630 WorkerThread "G1 Conc#0"                       [id=21188, stack(0x000000017e300000,0x000000017e400000) (1024K)]
  0x00000168e81d20c0 ConcurrentGCThread "G1 Refine#0"               [id=22152, stack(0x000000017e400000,0x000000017e500000) (1024K)]
  0x00000168cc1bbea0 ConcurrentGCThread "G1 Service"                [id=13932, stack(0x000000017e500000,0x000000017e600000) (1024K)]
Total: 7

Threads with active compile tasks:
C1 CompilerThread0  75256 1653       3       java.io.ObjectStreamClass::computeFieldOffsets (308 bytes)
Total: 1

VM state: not at safepoint (normal execution)

VM Mutex/Monitor currently owned by a thread: None

Heap address: 0x00000000a2400000, size: 1500 MB, Compressed Oops mode: 32-bit

CDS archive(s) mapped at: [0x0000016880000000-0x0000016880c60000-0x0000016880c60000), size 12976128, SharedBaseAddress: 0x0000016880000000, ArchiveRelocationMode: 1.
Compressed class space mapped at: 0x0000016881000000-0x00000168c1000000, reserved size: 1073741824
Narrow klass base: 0x0000016880000000, Narrow klass shift: 0, Narrow klass range: 0x41000000

GC Precious Log:
 CardTable entry size: 512
 Card Set container configuration: InlinePtr #cards 5 size 8 Array Of Cards #cards 12 size 40 Howl #buckets 4 coarsen threshold 1843 Howl Bitmap #cards 512 size 80 coarsen threshold 460 Card regions per heap region 1 cards per card region 2048
 CPUs: 12 total, 12 available
 Memory: 5998M
 Large Page Support: Disabled
 NUMA Support: Disabled
 Compressed Oops: Enabled (32-bit)
 Heap Region Size: 1M
 Heap Min Capacity: 8M
 Heap Initial Capacity: 94M
 Heap Max Capacity: 1500M
 Pre-touch: Disabled
 Parallel Workers: 10
 Concurrent Workers: 3
 Concurrent Refinement Workers: 10
 Periodic GC: Disabled

Heap:
 garbage-first heap   total reserved 1536000K, committed 96256K, used 16384K [0x00000000a2400000, 0x0000000100000000)
  region size 1024K, 17 young (17408K), 0 survivors (0K)
 Metaspace       used 6888K, committed 7232K, reserved 1114112K
  class space    used 736K, committed 896K, reserved 1048576K

Heap Regions: E=young(eden), S=young(survivor), O=old, HS=humongous(starts), HC=humongous(continues), CS=collection set, F=free, TAMS=top-at-mark-start, PB=parsable bottom
|   0|0x00000000a2400000, 0x00000000a2400000, 0x00000000a2500000|  0%| F|  |TAMS 0x00000000a2400000| PB 0x00000000a2400000| Untracked |  0
|   1|0x00000000a2500000, 0x00000000a2500000, 0x00000000a2600000|  0%| F|  |TAMS 0x00000000a2500000| PB 0x00000000a2500000| Untracked |  0
|   2|0x00000000a2600000, 0x00000000a2600000, 0x00000000a2700000|  0%| F|  |TAMS 0x00000000a2600000| PB 0x00000000a2600000| Untracked |  0
|   3|0x00000000a2700000, 0x00000000a2700000, 0x00000000a2800000|  0%| F|  |TAMS 0x00000000a2700000| PB 0x00000000a2700000| Untracked |  0
|   4|0x00000000a2800000, 0x00000000a2800000, 0x00000000a2900000|  0%| F|  |TAMS 0x00000000a2800000| PB 0x00000000a2800000| Untracked |  0
|   5|0x00000000a2900000, 0x00000000a2900000, 0x00000000a2a00000|  0%| F|  |TAMS 0x00000000a2900000| PB 0x00000000a2900000| Untracked |  0
|   6|0x00000000a2a00000, 0x00000000a2a00000, 0x00000000a2b00000|  0%| F|  |TAMS 0x00000000a2a00000| PB 0x00000000a2a00000| Untracked |  0
|   7|0x00000000a2b00000, 0x00000000a2b00000, 0x00000000a2c00000|  0%| F|  |TAMS 0x00000000a2b00000| PB 0x00000000a2b00000| Untracked |  0
|   8|0x00000000a2c00000, 0x00000000a2c00000, 0x00000000a2d00000|  0%| F|  |TAMS 0x00000000a2c00000| PB 0x00000000a2c00000| Untracked |  0
|   9|0x00000000a2d00000, 0x00000000a2d00000, 0x00000000a2e00000|  0%| F|  |TAMS 0x00000000a2d00000| PB 0x00000000a2d00000| Untracked |  0
|  10|0x00000000a2e00000, 0x00000000a2e00000, 0x00000000a2f00000|  0%| F|  |TAMS 0x00000000a2e00000| PB 0x00000000a2e00000| Untracked |  0
|  11|0x00000000a2f00000, 0x00000000a2f00000, 0x00000000a3000000|  0%| F|  |TAMS 0x00000000a2f00000| PB 0x00000000a2f00000| Untracked |  0
|  12|0x00000000a3000000, 0x00000000a3000000, 0x00000000a3100000|  0%| F|  |TAMS 0x00000000a3000000| PB 0x00000000a3000000| Untracked |  0
|  13|0x00000000a3100000, 0x00000000a3100000, 0x00000000a3200000|  0%| F|  |TAMS 0x00000000a3100000| PB 0x00000000a3100000| Untracked |  0
|  14|0x00000000a3200000, 0x00000000a3200000, 0x00000000a3300000|  0%| F|  |TAMS 0x00000000a3200000| PB 0x00000000a3200000| Untracked |  0
|  15|0x00000000a3300000, 0x00000000a3300000, 0x00000000a3400000|  0%| F|  |TAMS 0x00000000a3300000| PB 0x00000000a3300000| Untracked |  0
|  16|0x00000000a3400000, 0x00000000a3400000, 0x00000000a3500000|  0%| F|  |TAMS 0x00000000a3400000| PB 0x00000000a3400000| Untracked |  0
|  17|0x00000000a3500000, 0x00000000a3500000, 0x00000000a3600000|  0%| F|  |TAMS 0x00000000a3500000| PB 0x00000000a3500000| Untracked |  0
|  18|0x00000000a3600000, 0x00000000a3600000, 0x00000000a3700000|  0%| F|  |TAMS 0x00000000a3600000| PB 0x00000000a3600000| Untracked |  0
|  19|0x00000000a3700000, 0x00000000a3700000, 0x00000000a3800000|  0%| F|  |TAMS 0x00000000a3700000| PB 0x00000000a3700000| Untracked |  0
|  20|0x00000000a3800000, 0x00000000a3800000, 0x00000000a3900000|  0%| F|  |TAMS 0x00000000a3800000| PB 0x00000000a3800000| Untracked |  0
|  21|0x00000000a3900000, 0x00000000a3900000, 0x00000000a3a00000|  0%| F|  |TAMS 0x00000000a3900000| PB 0x00000000a3900000| Untracked |  0
|  22|0x00000000a3a00000, 0x00000000a3a00000, 0x00000000a3b00000|  0%| F|  |TAMS 0x00000000a3a00000| PB 0x00000000a3a00000| Untracked |  0
|  23|0x00000000a3b00000, 0x00000000a3b00000, 0x00000000a3c00000|  0%| F|  |TAMS 0x00000000a3b00000| PB 0x00000000a3b00000| Untracked |  0
|  24|0x00000000a3c00000, 0x00000000a3c00000, 0x00000000a3d00000|  0%| F|  |TAMS 0x00000000a3c00000| PB 0x00000000a3c00000| Untracked |  0
|  25|0x00000000a3d00000, 0x00000000a3d00000, 0x00000000a3e00000|  0%| F|  |TAMS 0x00000000a3d00000| PB 0x00000000a3d00000| Untracked |  0
|  26|0x00000000a3e00000, 0x00000000a3e00000, 0x00000000a3f00000|  0%| F|  |TAMS 0x00000000a3e00000| PB 0x00000000a3e00000| Untracked |  0
|  27|0x00000000a3f00000, 0x00000000a3f00000, 0x00000000a4000000|  0%| F|  |TAMS 0x00000000a3f00000| PB 0x00000000a3f00000| Untracked |  0
|  28|0x00000000a4000000, 0x00000000a4000000, 0x00000000a4100000|  0%| F|  |TAMS 0x00000000a4000000| PB 0x00000000a4000000| Untracked |  0
|  29|0x00000000a4100000, 0x00000000a4100000, 0x00000000a4200000|  0%| F|  |TAMS 0x00000000a4100000| PB 0x00000000a4100000| Untracked |  0
|  30|0x00000000a4200000, 0x00000000a4200000, 0x00000000a4300000|  0%| F|  |TAMS 0x00000000a4200000| PB 0x00000000a4200000| Untracked |  0
|  31|0x00000000a4300000, 0x00000000a4300000, 0x00000000a4400000|  0%| F|  |TAMS 0x00000000a4300000| PB 0x00000000a4300000| Untracked |  0
|  32|0x00000000a4400000, 0x00000000a4400000, 0x00000000a4500000|  0%| F|  |TAMS 0x00000000a4400000| PB 0x00000000a4400000| Untracked |  0
|  33|0x00000000a4500000, 0x00000000a4500000, 0x00000000a4600000|  0%| F|  |TAMS 0x00000000a4500000| PB 0x00000000a4500000| Untracked |  0
|  34|0x00000000a4600000, 0x00000000a4600000, 0x00000000a4700000|  0%| F|  |TAMS 0x00000000a4600000| PB 0x00000000a4600000| Untracked |  0
|  35|0x00000000a4700000, 0x00000000a4700000, 0x00000000a4800000|  0%| F|  |TAMS 0x00000000a4700000| PB 0x00000000a4700000| Untracked |  0
|  36|0x00000000a4800000, 0x00000000a4800000, 0x00000000a4900000|  0%| F|  |TAMS 0x00000000a4800000| PB 0x00000000a4800000| Untracked |  0
|  37|0x00000000a4900000, 0x00000000a4900000, 0x00000000a4a00000|  0%| F|  |TAMS 0x00000000a4900000| PB 0x00000000a4900000| Untracked |  0
|  38|0x00000000a4a00000, 0x00000000a4a00000, 0x00000000a4b00000|  0%| F|  |TAMS 0x00000000a4a00000| PB 0x00000000a4a00000| Untracked |  0
|  39|0x00000000a4b00000, 0x00000000a4b00000, 0x00000000a4c00000|  0%| F|  |TAMS 0x00000000a4b00000| PB 0x00000000a4b00000| Untracked |  0
|  40|0x00000000a4c00000, 0x00000000a4c00000, 0x00000000a4d00000|  0%| F|  |TAMS 0x00000000a4c00000| PB 0x00000000a4c00000| Untracked |  0
|  41|0x00000000a4d00000, 0x00000000a4d00000, 0x00000000a4e00000|  0%| F|  |TAMS 0x00000000a4d00000| PB 0x00000000a4d00000| Untracked |  0
|  42|0x00000000a4e00000, 0x00000000a4e00000, 0x00000000a4f00000|  0%| F|  |TAMS 0x00000000a4e00000| PB 0x00000000a4e00000| Untracked |  0
|  43|0x00000000a4f00000, 0x00000000a4f00000, 0x00000000a5000000|  0%| F|  |TAMS 0x00000000a4f00000| PB 0x00000000a4f00000| Untracked |  0
|  44|0x00000000a5000000, 0x00000000a5000000, 0x00000000a5100000|  0%| F|  |TAMS 0x00000000a5000000| PB 0x00000000a5000000| Untracked |  0
|  45|0x00000000a5100000, 0x00000000a5100000, 0x00000000a5200000|  0%| F|  |TAMS 0x00000000a5100000| PB 0x00000000a5100000| Untracked |  0
|  46|0x00000000a5200000, 0x00000000a5200000, 0x00000000a5300000|  0%| F|  |TAMS 0x00000000a5200000| PB 0x00000000a5200000| Untracked |  0
|  47|0x00000000a5300000, 0x00000000a5300000, 0x00000000a5400000|  0%| F|  |TAMS 0x00000000a5300000| PB 0x00000000a5300000| Untracked |  0
|  48|0x00000000a5400000, 0x00000000a5400000, 0x00000000a5500000|  0%| F|  |TAMS 0x00000000a5400000| PB 0x00000000a5400000| Untracked |  0
|  49|0x00000000a5500000, 0x00000000a5500000, 0x00000000a5600000|  0%| F|  |TAMS 0x00000000a5500000| PB 0x00000000a5500000| Untracked |  0
|  50|0x00000000a5600000, 0x00000000a5600000, 0x00000000a5700000|  0%| F|  |TAMS 0x00000000a5600000| PB 0x00000000a5600000| Untracked |  0
|  51|0x00000000a5700000, 0x00000000a5700000, 0x00000000a5800000|  0%| F|  |TAMS 0x00000000a5700000| PB 0x00000000a5700000| Untracked |  0
|  52|0x00000000a5800000, 0x00000000a5800000, 0x00000000a5900000|  0%| F|  |TAMS 0x00000000a5800000| PB 0x00000000a5800000| Untracked |  0
|  53|0x00000000a5900000, 0x00000000a5900000, 0x00000000a5a00000|  0%| F|  |TAMS 0x00000000a5900000| PB 0x00000000a5900000| Untracked |  0
|  54|0x00000000a5a00000, 0x00000000a5a00000, 0x00000000a5b00000|  0%| F|  |TAMS 0x00000000a5a00000| PB 0x00000000a5a00000| Untracked |  0
|  55|0x00000000a5b00000, 0x00000000a5b00000, 0x00000000a5c00000|  0%| F|  |TAMS 0x00000000a5b00000| PB 0x00000000a5b00000| Untracked |  0
|  56|0x00000000a5c00000, 0x00000000a5c00000, 0x00000000a5d00000|  0%| F|  |TAMS 0x00000000a5c00000| PB 0x00000000a5c00000| Untracked |  0
|  57|0x00000000a5d00000, 0x00000000a5d00000, 0x00000000a5e00000|  0%| F|  |TAMS 0x00000000a5d00000| PB 0x00000000a5d00000| Untracked |  0
|  58|0x00000000a5e00000, 0x00000000a5e00000, 0x00000000a5f00000|  0%| F|  |TAMS 0x00000000a5e00000| PB 0x00000000a5e00000| Untracked |  0
|  59|0x00000000a5f00000, 0x00000000a5f00000, 0x00000000a6000000|  0%| F|  |TAMS 0x00000000a5f00000| PB 0x00000000a5f00000| Untracked |  0
|  60|0x00000000a6000000, 0x00000000a6000000, 0x00000000a6100000|  0%| F|  |TAMS 0x00000000a6000000| PB 0x00000000a6000000| Untracked |  0
|  61|0x00000000a6100000, 0x00000000a6100000, 0x00000000a6200000|  0%| F|  |TAMS 0x00000000a6100000| PB 0x00000000a6100000| Untracked |  0
|  62|0x00000000a6200000, 0x00000000a6200000, 0x00000000a6300000|  0%| F|  |TAMS 0x00000000a6200000| PB 0x00000000a6200000| Untracked |  0
|  63|0x00000000a6300000, 0x00000000a6300000, 0x00000000a6400000|  0%| F|  |TAMS 0x00000000a6300000| PB 0x00000000a6300000| Untracked |  0
|  64|0x00000000a6400000, 0x00000000a6400000, 0x00000000a6500000|  0%| F|  |TAMS 0x00000000a6400000| PB 0x00000000a6400000| Untracked |  0
|  65|0x00000000a6500000, 0x00000000a6500000, 0x00000000a6600000|  0%| F|  |TAMS 0x00000000a6500000| PB 0x00000000a6500000| Untracked |  0
|  66|0x00000000a6600000, 0x00000000a6600000, 0x00000000a6700000|  0%| F|  |TAMS 0x00000000a6600000| PB 0x00000000a6600000| Untracked |  0
|  67|0x00000000a6700000, 0x00000000a6700000, 0x00000000a6800000|  0%| F|  |TAMS 0x00000000a6700000| PB 0x00000000a6700000| Untracked |  0
|  68|0x00000000a6800000, 0x00000000a6800000, 0x00000000a6900000|  0%| F|  |TAMS 0x00000000a6800000| PB 0x00000000a6800000| Untracked |  0
|  69|0x00000000a6900000, 0x00000000a6900000, 0x00000000a6a00000|  0%| F|  |TAMS 0x00000000a6900000| PB 0x00000000a6900000| Untracked |  0
|  70|0x00000000a6a00000, 0x00000000a6a00000, 0x00000000a6b00000|  0%| F|  |TAMS 0x00000000a6a00000| PB 0x00000000a6a00000| Untracked |  0
|  71|0x00000000a6b00000, 0x00000000a6b00000, 0x00000000a6c00000|  0%| F|  |TAMS 0x00000000a6b00000| PB 0x00000000a6b00000| Untracked |  0
|  72|0x00000000a6c00000, 0x00000000a6c00000, 0x00000000a6d00000|  0%| F|  |TAMS 0x00000000a6c00000| PB 0x00000000a6c00000| Untracked |  0
|  73|0x00000000a6d00000, 0x00000000a6d00000, 0x00000000a6e00000|  0%| F|  |TAMS 0x00000000a6d00000| PB 0x00000000a6d00000| Untracked |  0
|  74|0x00000000a6e00000, 0x00000000a6e00000, 0x00000000a6f00000|  0%| F|  |TAMS 0x00000000a6e00000| PB 0x00000000a6e00000| Untracked |  0
|  75|0x00000000a6f00000, 0x00000000a6f00000, 0x00000000a7000000|  0%| F|  |TAMS 0x00000000a6f00000| PB 0x00000000a6f00000| Untracked |  0
|  76|0x00000000a7000000, 0x00000000a7000000, 0x00000000a7100000|  0%| F|  |TAMS 0x00000000a7000000| PB 0x00000000a7000000| Untracked |  0
|  77|0x00000000a7100000, 0x00000000a717b020, 0x00000000a7200000| 48%| E|  |TAMS 0x00000000a7100000| PB 0x00000000a7100000| Complete |  0
|  78|0x00000000a7200000, 0x00000000a7300000, 0x00000000a7300000|100%| E|CS|TAMS 0x00000000a7200000| PB 0x00000000a7200000| Complete |  0
|  79|0x00000000a7300000, 0x00000000a7400000, 0x00000000a7400000|100%| E|CS|TAMS 0x00000000a7300000| PB 0x00000000a7300000| Complete |  0
|  80|0x00000000a7400000, 0x00000000a7500000, 0x00000000a7500000|100%| E|CS|TAMS 0x00000000a7400000| PB 0x00000000a7400000| Complete |  0
|  81|0x00000000a7500000, 0x00000000a7600000, 0x00000000a7600000|100%| E|CS|TAMS 0x00000000a7500000| PB 0x00000000a7500000| Complete |  0
|  82|0x00000000a7600000, 0x00000000a7700000, 0x00000000a7700000|100%| E|CS|TAMS 0x00000000a7600000| PB 0x00000000a7600000| Complete |  0
|  83|0x00000000a7700000, 0x00000000a7800000, 0x00000000a7800000|100%| E|CS|TAMS 0x00000000a7700000| PB 0x00000000a7700000| Complete |  0
|  84|0x00000000a7800000, 0x00000000a7900000, 0x00000000a7900000|100%| E|CS|TAMS 0x00000000a7800000| PB 0x00000000a7800000| Complete |  0
|  85|0x00000000a7900000, 0x00000000a7a00000, 0x00000000a7a00000|100%| E|CS|TAMS 0x00000000a7900000| PB 0x00000000a7900000| Complete |  0
|  86|0x00000000a7a00000, 0x00000000a7b00000, 0x00000000a7b00000|100%| E|CS|TAMS 0x00000000a7a00000| PB 0x00000000a7a00000| Complete |  0
|  87|0x00000000a7b00000, 0x00000000a7c00000, 0x00000000a7c00000|100%| E|CS|TAMS 0x00000000a7b00000| PB 0x00000000a7b00000| Complete |  0
|  88|0x00000000a7c00000, 0x00000000a7d00000, 0x00000000a7d00000|100%| E|CS|TAMS 0x00000000a7c00000| PB 0x00000000a7c00000| Complete |  0
|  89|0x00000000a7d00000, 0x00000000a7e00000, 0x00000000a7e00000|100%| E|CS|TAMS 0x00000000a7d00000| PB 0x00000000a7d00000| Complete |  0
|  90|0x00000000a7e00000, 0x00000000a7f00000, 0x00000000a7f00000|100%| E|CS|TAMS 0x00000000a7e00000| PB 0x00000000a7e00000| Complete |  0
|  91|0x00000000a7f00000, 0x00000000a8000000, 0x00000000a8000000|100%| E|CS|TAMS 0x00000000a7f00000| PB 0x00000000a7f00000| Complete |  0
|  92|0x00000000a8000000, 0x00000000a8100000, 0x00000000a8100000|100%| E|CS|TAMS 0x00000000a8000000| PB 0x00000000a8000000| Complete |  0
|  93|0x00000000a8100000, 0x00000000a8200000, 0x00000000a8200000|100%| E|CS|TAMS 0x00000000a8100000| PB 0x00000000a8100000| Complete |  0

Card table byte_map: [0x00000168e3c90000,0x00000168e3f80000] _byte_map_base: 0x00000168e377e000

Marking Bits: (CMBitMap*) 0x00000168cc142510
 Bits: [0x00000168e3f80000, 0x00000168e56f0000)

Polling page: 0x00000168cb8c0000

Metaspace:

Usage:
  Non-class:      6.01 MB used.
      Class:    736.55 KB used.
       Both:      6.73 MB used.

Virtual space:
  Non-class space:       64.00 MB reserved,       6.19 MB ( 10%) committed,  1 nodes.
      Class space:        1.00 GB reserved,     896.00 KB ( <1%) committed,  1 nodes.
             Both:        1.06 GB reserved,       7.06 MB ( <1%) committed. 

Chunk freelists:
   Non-Class:  8.98 MB
       Class:  15.17 MB
        Both:  24.15 MB

MaxMetaspaceSize: unlimited
CompressedClassSpaceSize: 1.00 GB
Initial GC threshold: 21.00 MB
Current GC threshold: 21.00 MB
CDS: on
 - commit_granule_bytes: 65536.
 - commit_granule_words: 8192.
 - virtual_space_node_default_size: 8388608.
 - enlarge_chunks_in_place: 1.
 - use_allocation_guard: 0.


Internal statistics:

num_allocs_failed_limit: 0.
num_arena_births: 304.
num_arena_deaths: 0.
num_vsnodes_births: 2.
num_vsnodes_deaths: 0.
num_space_committed: 113.
num_space_uncommitted: 0.
num_chunks_returned_to_freelist: 0.
num_chunks_taken_from_freelist: 389.
num_chunk_merges: 0.
num_chunk_splits: 235.
num_chunks_enlarged: 91.
num_inconsistent_stats: 0.

CodeHeap 'non-profiled nmethods': size=120000Kb used=504Kb max_used=504Kb free=119495Kb
 bounds [0x00000168dbf20000, 0x00000168dc190000, 0x00000168e3450000]
CodeHeap 'profiled nmethods': size=120000Kb used=2811Kb max_used=2811Kb free=117189Kb
 bounds [0x00000168d4450000, 0x00000168d4710000, 0x00000168db980000]
CodeHeap 'non-nmethods': size=5760Kb used=1413Kb max_used=1437Kb free=4346Kb
 bounds [0x00000168db980000, 0x00000168dbbf0000, 0x00000168dbf20000]
 total_blobs=2158 nmethods=1651 adapters=412
 compilation: enabled
              stopped_count=0, restarted_count=0
 full_count=0

Compilation events (20 events):
Event: 70.004 Thread 0x00000168e834e690 nmethod 1643 0x00000168d4708b90 code [0x00000168d4708d40, 0x00000168d4708f20]
Event: 70.004 Thread 0x00000168e834e690 1645       3       javax.management.ObjectName::setCanonicalName (251 bytes)
Event: 70.005 Thread 0x00000168e834e690 nmethod 1645 0x00000168d4709010 code [0x00000168d47092a0, 0x00000168d470a208]
Event: 70.005 Thread 0x00000168e834e690 1644       3       javax.management.ObjectName::addProperty (80 bytes)
Event: 70.005 Thread 0x00000168e834e690 nmethod 1644 0x00000168d470a810 code [0x00000168d470aa20, 0x00000168d470b1e0]
Event: 70.005 Thread 0x00000168e834e690 1646       3       java.util.TreeMap::rotateLeft (96 bytes)
Event: 70.005 Thread 0x00000168e834e690 nmethod 1646 0x00000168d470b490 code [0x00000168d470b660, 0x00000168d470bb58]
Event: 72.092 Thread 0x00000168e834e690 1647       3       java.io.ObjectInputStream::readUTF (8 bytes)
Event: 72.092 Thread 0x00000168e834e690 nmethod 1647 0x00000168d470bc90 code [0x00000168d470be40, 0x00000168d470c048]
Event: 73.142 Thread 0x00000168e834e690 1648       3       java.io.ObjectOutputStream$HandleTable::growEntries (58 bytes)
Event: 73.142 Thread 0x00000168e834e690 nmethod 1648 0x00000168d470c190 code [0x00000168d470c360, 0x00000168d470c7e8]
Event: 73.143 Thread 0x00000168e834e690 1649   !   3       java.security.AccessController::doPrivileged (26 bytes)
Event: 73.143 Thread 0x00000168e834e690 nmethod 1649 0x00000168d470c910 code [0x00000168d470cb20, 0x00000168d470d038]
Event: 74.144 Thread 0x00000168e834e690 1651       3       java.io.ObjectStreamClass$FieldReflectorKey::<init> (76 bytes)
Event: 74.146 Thread 0x00000168e834e690 nmethod 1651 0x00000168d470d310 code [0x00000168d470d500, 0x00000168d470dc30]
Event: 74.146 Thread 0x00000168e834e690 1650       3       java.io.ObjectStreamClass::getReflector (100 bytes)
Event: 74.147 Thread 0x00000168e834e690 nmethod 1650 0x00000168d470de90 code [0x00000168d470e0c0, 0x00000168d470e948]
Event: 74.203 Thread 0x00000168e834dbe0 1652       4       java.io.BufferedOutputStream::growIfNeeded (59 bytes)
Event: 74.204 Thread 0x00000168e834dbe0 nmethod 1652 0x00000168dbf9e010 code [0x00000168dbf9e1a0, 0x00000168dbf9e290]
Event: 75.205 Thread 0x00000168e834e690 1653       3       java.io.ObjectStreamClass::computeFieldOffsets (308 bytes)

GC Heap History (0 events):
No events

Dll operation events (12 events):
Event: 0.011 Loaded shared library C:\Program Files\Java\jdk-22\bin\java.dll
Event: 0.038 Loaded shared library C:\Program Files\Java\jdk-22\bin\jsvml.dll
Event: 0.072 Loaded shared library C:\Program Files\Java\jdk-22\bin\zip.dll
Event: 0.076 Loaded shared library C:\Program Files\Java\jdk-22\bin\instrument.dll
Event: 0.080 Loaded shared library C:\Program Files\Java\jdk-22\bin\net.dll
Event: 0.082 Loaded shared library C:\Program Files\Java\jdk-22\bin\nio.dll
Event: 0.087 Loaded shared library C:\Program Files\Java\jdk-22\bin\zip.dll
Event: 0.097 Loaded shared library C:\Program Files\JetBrains\IntelliJ IDEA 2024.2.1\bin\breakgen64.dll
Event: 0.107 Loaded shared library C:\Program Files\Java\jdk-22\bin\extnet.dll
Event: 0.140 Loaded shared library C:\Program Files\Java\jdk-22\bin\jimage.dll
Event: 0.237 Loaded shared library C:\Program Files\Java\jdk-22\bin\management.dll
Event: 0.253 Loaded shared library C:\Program Files\Java\jdk-22\bin\management_ext.dll

Deoptimization events (20 events):
Event: 0.378 Thread 0x00000168e8336d20 DEOPT PACKING pc=0x00000168dbf5a5d8 sp=0x000000017ebfd850
Event: 0.378 Thread 0x00000168e8336d20 DEOPT UNPACKING pc=0x00000168db9d46a2 sp=0x000000017ebfd7d8 mode 2
Event: 0.378 Thread 0x00000168e8336d20 Uncommon trap: trap_request=0xffffff45 fr.pc=0x00000168dbf5b994 relative=0x0000000000000074
Event: 0.378 Thread 0x00000168e8336d20 Uncommon trap: reason=unstable_if action=reinterpret pc=0x00000168dbf5b994 method=jdk.internal.util.xml.impl.Parser.ensureCapacity(I)V @ 40 c2
Event: 0.378 Thread 0x00000168e8336d20 DEOPT PACKING pc=0x00000168dbf5b994 sp=0x000000017ebfd850
Event: 0.378 Thread 0x00000168e8336d20 DEOPT UNPACKING pc=0x00000168db9d46a2 sp=0x000000017ebfd7c8 mode 2
Event: 0.387 Thread 0x00000168e8336d20 DEOPT PACKING pc=0x00000168d447907c sp=0x000000017ebfdaa0
Event: 0.387 Thread 0x00000168e8336d20 DEOPT UNPACKING pc=0x00000168db9d4e42 sp=0x000000017ebfcec0 mode 0
Event: 0.457 Thread 0x00000168e8336d20 DEOPT PACKING pc=0x00000168d4544fc9 sp=0x000000017ebfd510
Event: 0.457 Thread 0x00000168e8336d20 DEOPT UNPACKING pc=0x00000168db9d4e42 sp=0x000000017ebfc998 mode 0
Event: 0.488 Thread 0x00000168e8336d20 Uncommon trap: trap_request=0xffffffde fr.pc=0x00000168dbf4e990 relative=0x0000000000000c10
Event: 0.488 Thread 0x00000168e8336d20 Uncommon trap: reason=class_check action=maybe_recompile pc=0x00000168dbf4e990 method=java.util.HashMap.putVal(ILjava/lang/Object;Ljava/lang/Object;ZZ)Ljava/lang/Object; @ 91 c2
Event: 0.488 Thread 0x00000168e8336d20 DEOPT PACKING pc=0x00000168dbf4e990 sp=0x000000017ebfdff0
Event: 0.488 Thread 0x00000168e8336d20 DEOPT UNPACKING pc=0x00000168db9d46a2 sp=0x000000017ebfdf38 mode 2
Event: 0.880 Thread 0x00000168c548ec10 DEOPT PACKING pc=0x00000168d44eb9c3 sp=0x000000017f4fe240
Event: 0.880 Thread 0x00000168c548ec10 DEOPT UNPACKING pc=0x00000168db9d4e42 sp=0x000000017f4fd6b8 mode 0
Event: 60.548 Thread 0x00000168c548ec10 Uncommon trap: trap_request=0xffffffde fr.pc=0x00000168dbf87174 relative=0x0000000000000414
Event: 60.548 Thread 0x00000168c548ec10 Uncommon trap: reason=class_check action=maybe_recompile pc=0x00000168dbf87174 method=java.util.HashMap.getNode(Ljava/lang/Object;)Ljava/util/HashMap$Node; @ 128 c2
Event: 60.548 Thread 0x00000168c548ec10 DEOPT PACKING pc=0x00000168dbf87174 sp=0x000000017f4fed30
Event: 60.548 Thread 0x00000168c548ec10 DEOPT UNPACKING pc=0x00000168db9d46a2 sp=0x000000017f4fec98 mode 2

Classes loaded (20 events):
Event: 0.554 Loading class javax/management/remote/rmi/RMIConnectionImpl$PrivilegedOperation
Event: 0.554 Loading class javax/management/remote/rmi/RMIConnectionImpl$PrivilegedOperation done
Event: 0.557 Loading class sun/reflect/misc/MethodUtil
Event: 0.557 Loading class sun/reflect/misc/MethodUtil done
Event: 0.558 Loading class sun/reflect/misc/MethodUtil$1
Event: 0.558 Loading class sun/reflect/misc/MethodUtil$1 done
Event: 0.558 Loading class java/security/AllPermissionCollection
Event: 0.558 Loading class java/security/AllPermissionCollection done
Event: 0.558 Loading class java/lang/UnsupportedOperationException
Event: 0.558 Loading class java/lang/UnsupportedOperationException done
Event: 0.875 Loading class java/lang/NumberFormatException
Event: 0.875 Loading class java/lang/NumberFormatException done
Event: 0.878 Loading class javax/management/openmbean/CompositeDataSupport
Event: 0.878 Loading class javax/management/openmbean/CompositeDataSupport done
Event: 0.879 Loading class javax/management/openmbean/OpenDataException
Event: 0.879 Loading class javax/management/openmbean/OpenDataException done
Event: 0.881 Loading class java/io/ObjectStreamException
Event: 0.881 Loading class java/io/ObjectStreamException done
Event: 3.295 Loading class java/util/regex/Matcher$ImmutableMatchResult
Event: 3.296 Loading class java/util/regex/Matcher$ImmutableMatchResult done

Classes unloaded (0 events):
No events

Classes redefined (0 events):
No events

Internal exceptions (20 events):
Event: 0.257 Thread 0x00000168e8336d20 Exception <a 'java/lang/IncompatibleClassChangeError'{0x00000000a7c2c508}: Found class java.lang.Object, but interface was expected> (0x00000000a7c2c508) 
thrown [s\open\src\hotspot\share\interpreter\linkResolver.cpp, line 841]
Event: 0.300 Thread 0x00000168e8336d20 Exception <a 'java/lang/NoSuchMethodError'{0x00000000a7cdfd50}: 'int java.lang.invoke.DirectMethodHandle$Holder.invokeSpecial(java.lang.Object, java.lang.Object, java.lang.Object)'> (0x00000000a7cdfd50) 
thrown [s\open\src\hotspot\share\interpreter\linkResolver.cpp, line 774]
Event: 0.336 Thread 0x00000168e8336d20 Exception <a 'java/lang/NoSuchMethodError'{0x00000000a7a2b228}: 'java.lang.Object java.lang.invoke.DirectMethodHandle$Holder.invokeStaticInit(java.lang.Object, java.lang.Object, java.lang.Object)'> (0x00000000a7a2b228) 
thrown [s\open\src\hotspot\share\interpreter\linkResolver.cpp, line 774]
Event: 0.446 Thread 0x00000168e8336d20 Exception <a 'java/lang/NoSuchMethodError'{0x00000000a779f1c0}: 'java.lang.Object java.lang.invoke.DirectMethodHandle$Holder.invokeStaticInit(java.lang.Object, int, int, int, int)'> (0x00000000a779f1c0) 
thrown [s\open\src\hotspot\share\interpreter\linkResolver.cpp, line 774]
Event: 0.464 Thread 0x00000168e8336d20 Exception <a 'java/lang/NoSuchMethodError'{0x00000000a765a4b0}: 'java.lang.Object java.lang.invoke.DirectMethodHandle$Holder.invokeStaticInit(java.lang.Object, java.lang.Object, int, int, int, int)'> (0x00000000a765a4b0) 
thrown [s\open\src\hotspot\share\interpreter\linkResolver.cpp, line 774]
Event: 0.483 Thread 0x00000168e8336d20 Exception <a 'java/lang/ClassNotFoundException'{0x00000000a767a828}: javax/management/remote/rmi/RMIServerImpl_Skel> (0x00000000a767a828) 
thrown [s\open\src\hotspot\share\classfile\systemDictionary.cpp, line 313]
Event: 0.496 Thread 0x00000168e8336d20 Exception <a 'java/lang/NoSuchMethodError'{0x00000000a7696130}: 'long java.lang.invoke.DirectMethodHandle$Holder.invokeSpecial(java.lang.Object, java.lang.Object)'> (0x00000000a7696130) 
thrown [s\open\src\hotspot\share\interpreter\linkResolver.cpp, line 774]
Event: 0.497 Thread 0x00000168e8336d20 Exception <a 'java/lang/NoSuchMethodError'{0x00000000a7699808}: 'long java.lang.invoke.Invokers$Holder.invokeExact_MT(java.lang.Object, java.lang.Object)'> (0x00000000a7699808) 
thrown [s\open\src\hotspot\share\interpreter\linkResolver.cpp, line 774]
Event: 0.499 Thread 0x00000168e8336d20 Exception <a 'java/lang/NoSuchMethodError'{0x00000000a76aa6c0}: 'void java.lang.invoke.DirectMethodHandle$Holder.invokeSpecial(java.lang.Object, java.lang.Object, java.lang.Object)'> (0x00000000a76aa6c0) 
thrown [s\open\src\hotspot\share\interpreter\linkResolver.cpp, line 774]
Event: 0.528 Thread 0x00000168c548ec10 Exception <a 'java/lang/NoSuchMethodError'{0x00000000a7551630}: static [B.<clinit>()V> (0x00000000a7551630) 
thrown [s\open\src\hotspot\share\prims\jni.cpp, line 1111]
Event: 0.530 Thread 0x00000168c548ec10 Exception <a 'java/lang/NoSuchMethodError'{0x00000000a75557a8}: 'java.lang.Object java.lang.invoke.DirectMethodHandle$Holder.invokeInterface(java.lang.Object, java.lang.Object, java.lang.Object)'> (0x00000000a75557a8) 
thrown [s\open\src\hotspot\share\interpreter\linkResolver.cpp, line 774]
Event: 0.540 Thread 0x00000168c548ec10 Exception <a 'java/lang/ClassNotFoundException'{0x00000000a747b6e8}: javax/management/remote/rmi/RMIConnectionImpl_Skel> (0x00000000a747b6e8) 
thrown [s\open\src\hotspot\share\classfile\systemDictionary.cpp, line 313]
Event: 0.541 Thread 0x00000168c59aef40 Exception <a 'java/lang/NoSuchMethodError'{0x00000000a7422618}: 'java.lang.Object java.lang.invoke.Invokers$Holder.linkToTargetMethod(java.lang.Object, long, java.lang.Object)'> (0x00000000a7422618) 
thrown [s\open\src\hotspot\share\interpreter\linkResolver.cpp, line 774]
Event: 0.547 Thread 0x00000168c548ec10 Exception <a 'java/lang/NoSuchMethodError'{0x00000000a749b308}: 'java.lang.Object java.lang.invoke.DirectMethodHandle$Holder.invokeInterface(java.lang.Object, java.lang.Object)'> (0x00000000a749b308) 
thrown [s\open\src\hotspot\share\interpreter\linkResolver.cpp, line 774]
Event: 0.552 Thread 0x00000168c548ec10 Exception <a 'java/lang/NoSuchMethodError'{0x00000000a74b6d18}: 'int java.lang.invoke.DelegatingMethodHandle$Holder.reinvoke_L(java.lang.Object, java.lang.Object, java.lang.Object, java.lang.Object, java.lang.Object)'> (0x00000000a74b6d18) 
thrown [s\open\src\hotspot\share\interpreter\linkResolver.cpp, line 774]
Event: 0.555 Thread 0x00000168c548ec10 Exception <a 'java/lang/NoSuchMethodError'{0x00000000a74d2930}: 'java.lang.Object java.lang.invoke.DirectMethodHandle$Holder.invokeInterface(java.lang.Object, java.lang.Object, java.lang.Object, java.lang.Object, java.lang.Object)'> (0x00000000a74d2930) 
thrown [s\open\src\hotspot\share\interpreter\linkResolver.cpp, line 774]
Event: 0.559 Thread 0x00000168c548ec10 Exception <a 'java/lang/NoSuchMethodError'{0x00000000a74f5d70}: 'double java.lang.invoke.DirectMethodHandle$Holder.invokeInterface(java.lang.Object, java.lang.Object)'> (0x00000000a74f5d70) 
thrown [s\open\src\hotspot\share\interpreter\linkResolver.cpp, line 774]
Event: 0.560 Thread 0x00000168c548ec10 Exception <a 'java/lang/NoSuchMethodError'{0x00000000a74fd990}: 'double java.lang.invoke.DelegatingMethodHandle$Holder.reinvoke_L(java.lang.Object, java.lang.Object)'> (0x00000000a74fd990) 
thrown [s\open\src\hotspot\share\interpreter\linkResolver.cpp, line 774]
Event: 0.877 Thread 0x00000168c548ec10 Exception <a 'java/lang/NoSuchMethodError'{0x00000000a7316da8}: 'long java.lang.invoke.DirectMethodHandle$Holder.invokeVirtual(java.lang.Object, java.lang.Object)'> (0x00000000a7316da8) 
thrown [s\open\src\hotspot\share\interpreter\linkResolver.cpp, line 774]
Event: 0.877 Thread 0x00000168c548ec10 Exception <a 'java/lang/NoSuchMethodError'{0x00000000a731a388}: 'long java.lang.invoke.DelegatingMethodHandle$Holder.reinvoke_L(java.lang.Object, java.lang.Object)'> (0x00000000a731a388) 
thrown [s\open\src\hotspot\share\interpreter\linkResolver.cpp, line 774]

ZGC Phase Switch (0 events):
No events

VM Operations (20 events):
Event: 38.822 Executing VM operation: Cleanup
Event: 38.822 Executing VM operation: Cleanup done
Event: 41.835 Executing VM operation: Cleanup
Event: 41.835 Executing VM operation: Cleanup done
Event: 42.849 Executing VM operation: Cleanup
Event: 42.849 Executing VM operation: Cleanup done
Event: 43.857 Executing VM operation: Cleanup
Event: 43.858 Executing VM operation: Cleanup done
Event: 51.946 Executing VM operation: Cleanup
Event: 51.946 Executing VM operation: Cleanup done
Event: 60.026 Executing VM operation: HandshakeAllThreads (HandshakeForDeflation)
Event: 60.026 Executing VM operation: HandshakeAllThreads (HandshakeForDeflation) done
Event: 60.027 Executing VM operation: RendezvousGCThreads
Event: 60.027 Executing VM operation: RendezvousGCThreads done
Event: 64.062 Executing VM operation: Cleanup
Event: 64.062 Executing VM operation: Cleanup done
Event: 66.077 Executing VM operation: Cleanup
Event: 66.077 Executing VM operation: Cleanup done
Event: 74.144 Executing VM operation: Cleanup
Event: 74.145 Executing VM operation: Cleanup done

Memory protections (0 events):
No events

Nmethod flushes (0 events):
No events

Events (16 events):
Event: 0.024 Thread 0x00000168cc0f95e0 Thread added: 0x00000168cc0f95e0
Event: 0.036 Thread 0x00000168cc0f95e0 Thread added: 0x00000168e8330bb0
Event: 0.036 Thread 0x00000168cc0f95e0 Thread added: 0x00000168e8331ad0
Event: 0.037 Thread 0x00000168cc0f95e0 Thread added: 0x00000168e8333c30
Event: 0.037 Thread 0x00000168cc0f95e0 Thread added: 0x00000168e8336d20
Event: 0.037 Thread 0x00000168cc0f95e0 Thread added: 0x00000168e8340230
Event: 0.037 Thread 0x00000168cc0f95e0 Thread added: 0x00000168e83420b0
Event: 0.037 Thread 0x00000168cc0f95e0 Thread added: 0x00000168e834dbe0
Event: 0.037 Thread 0x00000168cc0f95e0 Thread added: 0x00000168e834e690
Event: 0.053 Thread 0x00000168cc0f95e0 Thread added: 0x00000168e82fe410
Event: 0.098 Thread 0x00000168cc0f95e0 Thread added: 0x00000168c52834b0
Event: 0.098 Thread 0x00000168cc0f95e0 Thread added: 0x00000168c5283b20
Event: 0.492 Thread 0x00000168e8336d20 Thread added: 0x00000168c5f43d80
Event: 0.510 Thread 0x00000168c5f43d80 Thread added: 0x00000168c548ec10
Event: 0.527 Thread 0x00000168c548ec10 Thread added: 0x00000168c5beaca0
Event: 0.536 Thread 0x00000168c548ec10 Thread added: 0x00000168c59aef40


Dynamic libraries:
0x00007ff604690000 - 0x00007ff6046a0000 	C:\Program Files\Java\jdk-22\bin\java.exe
0x00007ffb16d50000 - 0x00007ffb16f67000 	C:\Windows\SYSTEM32\ntdll.dll
0x00007ffb15450000 - 0x00007ffb15514000 	C:\Windows\System32\KERNEL32.DLL
0x00007ffb14170000 - 0x00007ffb14529000 	C:\Windows\System32\KERNELBASE.dll
0x00007ffb14950000 - 0x00007ffb14a61000 	C:\Windows\System32\ucrtbase.dll
0x00007ffaebdb0000 - 0x00007ffaebdc7000 	C:\Program Files\Java\jdk-22\bin\jli.dll
0x00007ffaf3510000 - 0x00007ffaf352b000 	C:\Program Files\Java\jdk-22\bin\VCRUNTIME140.dll
0x00007ffb14c30000 - 0x00007ffb14dde000 	C:\Windows\System32\USER32.dll
0x00007ffb14530000 - 0x00007ffb14556000 	C:\Windows\System32\win32u.dll
0x00007ffb14fe0000 - 0x00007ffb15009000 	C:\Windows\System32\GDI32.dll
0x00007ffb14830000 - 0x00007ffb1494b000 	C:\Windows\System32\gdi32full.dll
0x00007ffb146d0000 - 0x00007ffb1476a000 	C:\Windows\System32\msvcp_win.dll
0x00007ffb036f0000 - 0x00007ffb03982000 	C:\Windows\WinSxS\amd64_microsoft.windows.common-controls_6595b64144ccf1df_6.0.22621.4391_none_2715d37f73803e96\COMCTL32.dll
0x00007ffb14a90000 - 0x00007ffb14b37000 	C:\Windows\System32\msvcrt.dll
0x00007ffb15ae0000 - 0x00007ffb15b11000 	C:\Windows\System32\IMM32.DLL
0x00007ffb01650000 - 0x00007ffb0165c000 	C:\Program Files\Java\jdk-22\bin\vcruntime140_1.dll
0x00007ffa8d960000 - 0x00007ffa8d9ee000 	C:\Program Files\Java\jdk-22\bin\msvcp140.dll
0x00007ffa3ff50000 - 0x00007ffa40c99000 	C:\Program Files\Java\jdk-22\bin\server\jvm.dll
0x00007ffb15b20000 - 0x00007ffb15bd2000 	C:\Windows\System32\ADVAPI32.dll
0x00007ffb16b00000 - 0x00007ffb16ba7000 	C:\Windows\System32\sechost.dll
0x00007ffb14140000 - 0x00007ffb14168000 	C:\Windows\System32\bcrypt.dll
0x00007ffb15520000 - 0x00007ffb15634000 	C:\Windows\System32\RPCRT4.dll
0x00007ffb14de0000 - 0x00007ffb14e51000 	C:\Windows\System32\WS2_32.dll
0x00007ffb13cc0000 - 0x00007ffb13d0d000 	C:\Windows\SYSTEM32\POWRPROF.dll
0x00007ffb0eef0000 - 0x00007ffb0ef24000 	C:\Windows\SYSTEM32\WINMM.dll
0x00007ffb0a870000 - 0x00007ffb0a87a000 	C:\Windows\SYSTEM32\VERSION.dll
0x00007ffb13ca0000 - 0x00007ffb13cb3000 	C:\Windows\SYSTEM32\UMPDC.dll
0x00007ffb13070000 - 0x00007ffb13088000 	C:\Windows\SYSTEM32\kernel.appcore.dll
0x00007ffaf7820000 - 0x00007ffaf782a000 	C:\Program Files\Java\jdk-22\bin\jimage.dll
0x00007ffb10e70000 - 0x00007ffb110a2000 	C:\Windows\SYSTEM32\DBGHELP.DLL
0x00007ffb156f0000 - 0x00007ffb15a7f000 	C:\Windows\System32\combase.dll
0x00007ffb15010000 - 0x00007ffb150e7000 	C:\Windows\System32\OLEAUT32.dll
0x00007ffb0eeb0000 - 0x00007ffb0eee2000 	C:\Windows\SYSTEM32\dbgcore.DLL
0x00007ffb140c0000 - 0x00007ffb1413b000 	C:\Windows\System32\bcryptPrimitives.dll
0x00007ffaf7700000 - 0x00007ffaf770f000 	C:\Program Files\Java\jdk-22\bin\instrument.dll
0x00007ffaebd90000 - 0x00007ffaebdae000 	C:\Program Files\Java\jdk-22\bin\java.dll
0x00007ffb15da0000 - 0x00007ffb16616000 	C:\Windows\System32\SHELL32.dll
0x00007ffb15180000 - 0x00007ffb15325000 	C:\Windows\System32\ole32.dll
0x00007ffb11f40000 - 0x00007ffb12843000 	C:\Windows\SYSTEM32\windows.storage.dll
0x00007ffb11e00000 - 0x00007ffb11f3f000 	C:\Windows\SYSTEM32\wintypes.dll
0x00007ffb15350000 - 0x00007ffb15449000 	C:\Windows\System32\SHCORE.dll
0x00007ffb14e60000 - 0x00007ffb14ebe000 	C:\Windows\System32\shlwapi.dll
0x00007ffb13f80000 - 0x00007ffb13fab000 	C:\Windows\SYSTEM32\profapi.dll
0x00007ffa57c10000 - 0x00007ffa57ce7000 	C:\Program Files\Java\jdk-22\bin\jsvml.dll
0x00007ffae7fe0000 - 0x00007ffae7ff7000 	C:\Program Files\Java\jdk-22\bin\zip.dll
0x00007ffaf6a40000 - 0x00007ffaf6a50000 	C:\Program Files\Java\jdk-22\bin\net.dll
0x00007ffb13510000 - 0x00007ffb13579000 	C:\Windows\system32\mswsock.dll
0x00007ffae2ee0000 - 0x00007ffae2ef6000 	C:\Program Files\Java\jdk-22\bin\nio.dll
0x00007ffae1f80000 - 0x00007ffae1f9a000 	C:\Program Files\JetBrains\IntelliJ IDEA 2024.2.1\bin\breakgen64.dll
0x00007ffaf45d0000 - 0x00007ffaf45d9000 	C:\Program Files\Java\jdk-22\bin\extnet.dll
0x00007ffb12b70000 - 0x00007ffb12c72000 	C:\Windows\SYSTEM32\DNSAPI.dll
0x00007ffb12af0000 - 0x00007ffb12b1d000 	C:\Windows\SYSTEM32\IPHLPAPI.DLL
0x00007ffb15170000 - 0x00007ffb15179000 	C:\Windows\System32\NSI.dll
0x00007ffb0d450000 - 0x00007ffb0d45a000 	C:\Windows\System32\rasadhlp.dll
0x00007ffb0d960000 - 0x00007ffb0d9e3000 	C:\Windows\System32\fwpuclnt.dll
0x00007ffaf17b0000 - 0x00007ffaf17ba000 	C:\Program Files\Java\jdk-22\bin\management.dll
0x00007ffaeb9f0000 - 0x00007ffaeb9fb000 	C:\Program Files\Java\jdk-22\bin\management_ext.dll
0x00007ffb15330000 - 0x00007ffb15338000 	C:\Windows\System32\PSAPI.DLL
0x00007ffb13770000 - 0x00007ffb1378b000 	C:\Windows\SYSTEM32\CRYPTSP.dll
0x00007ffb12fc0000 - 0x00007ffb12ff5000 	C:\Windows\system32\rsaenh.dll
0x00007ffb13600000 - 0x00007ffb13628000 	C:\Windows\SYSTEM32\USERENV.dll
0x00007ffb13760000 - 0x00007ffb1376c000 	C:\Windows\SYSTEM32\CRYPTBASE.dll
0x00007ffae0810000 - 0x00007ffae0827000 	C:\Windows\system32\napinsp.dll
0x00007ffae0070000 - 0x00007ffae008b000 	C:\Windows\system32\pnrpnsp.dll
0x00007ffadef50000 - 0x00007ffadef61000 	C:\Windows\System32\winrnr.dll
0x00007ffb0df50000 - 0x00007ffb0df65000 	C:\Windows\system32\wshbth.dll
0x00007ffae1cf0000 - 0x00007ffae1d17000 	C:\Windows\system32\nlansp_c.dll
0x00007ffaf8260000 - 0x00007ffaf82b0000 	C:\Windows\SYSTEM32\pdh.dll
0x00007ffb0fcb0000 - 0x00007ffb0fcc1000 	C:\Windows\System32\perfproc.dll
0x00007ffb0fca0000 - 0x00007ffb0fcb0000 	C:\Windows\System32\perfos.dll
0x00007ffb115b0000 - 0x00007ffb115c0000 	C:\Windows\SYSTEM32\pfclient.dll

dbghelp: loaded successfully - version: 4.0.5 - missing functions: none
symbol engine: initialized successfully - sym options: 0x614 - pdb path: .;C:\Program Files\Java\jdk-22\bin;C:\Windows\SYSTEM32;C:\Windows\WinSxS\amd64_microsoft.windows.common-controls_6595b64144ccf1df_6.0.22621.4391_none_2715d37f73803e96;C:\Program Files\Java\jdk-22\bin\server;C:\Program Files\JetBrains\IntelliJ IDEA 2024.2.1\bin

VM Arguments:
jvm_args: -javaagent:C:\Program Files\JetBrains\IntelliJ IDEA 2024.2.1\lib\idea_rt.jar=53701:C:\Program Files\JetBrains\IntelliJ IDEA 2024.2.1\bin -Dfile.encoding=UTF-8 -Dsun.stdout.encoding=UTF-8 -Dsun.stderr.encoding=UTF-8 
java_command: BattleshipGame
java_class_path (initial): C:\Users\janin\IdeaProjects\Assignment2CPSC219\out\production\Assignment2CPSC219
Launcher Type: SUN_STANDARD

[Global flags]
     intx CICompilerCount                          = 4                                         {product} {ergonomic}
     uint ConcGCThreads                            = 3                                         {product} {ergonomic}
     uint G1ConcRefinementThreads                  = 10                                        {product} {ergonomic}
   size_t G1HeapRegionSize                         = 1048576                                   {product} {ergonomic}
   size_t InitialHeapSize                          = 98566144                                  {product} {ergonomic}
   size_t MarkStackSize                            = 4194304                                   {product} {ergonomic}
   size_t MaxHeapSize                              = 1572864000                                {product} {ergonomic}
   size_t MaxNewSize                               = 943718400                                 {product} {ergonomic}
   size_t MinHeapDeltaBytes                        = 1048576                                   {product} {ergonomic}
   size_t MinHeapSize                              = 8388608                                   {product} {ergonomic}
    uintx NonNMethodCodeHeapSize                   = 5839372                                {pd product} {ergonomic}
    uintx NonProfiledCodeHeapSize                  = 122909434                              {pd product} {ergonomic}
    uintx ProfiledCodeHeapSize                     = 122909434                              {pd product} {ergonomic}
    uintx ReservedCodeCacheSize                    = 251658240                              {pd product} {ergonomic}
     bool SegmentedCodeCache                       = true                                      {product} {ergonomic}
   size_t SoftMaxHeapSize                          = 1572864000                             {manageable} {ergonomic}
     bool UseCompressedOops                        = true                           {product lp64_product} {ergonomic}
     bool UseG1GC                                  = true                                      {product} {ergonomic}
     bool UseLargePagesIndividualAllocation        = false                                  {pd product} {ergonomic}

Logging:
Log output configuration:
 #0: stdout all=warning uptime,level,tags foldmultilines=false
 #1: stderr all=off uptime,level,tags foldmultilines=false

Environment Variables:
PATH=C:\Program Files\Common Files\Oracle\Java\javapath;C:\Program Files\Python312\Scripts\;C:\Program Files\Python312\;C:\Windows\system32;C:\Windows;C:\Windows\System32\Wbem;C:\Windows\System32\WindowsPowerShell\v1.0\;C:\Windows\System32\OpenSSH\;C:\Program Files\Calibre2\;C:\Program Files\Git\cmd;C:\Users\janin\AppData\Local\Microsoft\WindowsApps;;C:\Program Files\JetBrains\PyCharm 2023.3.2\bin;
USERNAME=janin
OS=Windows_NT
PROCESSOR_IDENTIFIER=AMD64 Family 25 Model 80 Stepping 0, AuthenticAMD
TMP=C:\Users\janin\AppData\Local\Temp
TEMP=C:\Users\janin\AppData\Local\Temp




Periodic native trim disabled

---------------  S Y S T E M  ---------------

OS:
 Windows 11 , 64 bit Build 22621 (10.0.22621.4391)
OS uptime: 1 days 8:14 hours
Hyper-V role detected

CPU: total 12 (initial active 12) (12 cores per cpu, 2 threads per core) family 25 model 80 stepping 0 microcode 0x0, cx8, cmov, fxsr, ht, mmx, 3dnowpref, sse, sse2, sse3, ssse3, sse4a, sse4.1, sse4.2, popcnt, lzcnt, tsc, tscinvbit, avx, avx2, aes, erms, clmul, bmi1, bmi2, adx, sha, fma, vzeroupper, clflush, clflushopt, hv, rdtscp, rdpid, fsrm, f16c, cet_ss
Processor Information for all 12 processors :
  Max Mhz: 2000, Current Mhz: 2000, Mhz Limit: 2000

Memory: 4k page, system-wide physical 5998M (237M free)
TotalPageFile size 24430M (AvailPageFile size 0M)
current process WorkingSet (physical memory assigned to process): 34M, peak: 75M
current process commit charge ("private bytes"): 193M, peak: 200M

vm_info: Java HotSpot(TM) 64-Bit Server VM (22.0.2+9-70) for windows-amd64 JRE (22.0.2+9-70), built on 2024-06-04T16:52:23Z by "mach5one" with MS VC++ 17.6 (VS2022)

END.
